02-22 16:18:49 com_github_MitjaNemec_ReplicateLayout.action_replicate_layout 392:Plugin executed on: 'win32'
02-22 16:18:49 com_github_MitjaNemec_ReplicateLayout.action_replicate_layout 393:Plugin executed with python version: '3.9.16 (main, Aug  8 2023, 05:38:28) [MSC v.1936 64 bit (AMD64)]'
02-22 16:18:49 com_github_MitjaNemec_ReplicateLayout.action_replicate_layout 394:KiCad build version: 7.0.7
02-22 16:18:49 com_github_MitjaNemec_ReplicateLayout.action_replicate_layout 395:Plugin version: 2.1.3
02-22 16:18:49 com_github_MitjaNemec_ReplicateLayout.action_replicate_layout 396:Frame repr: <wx._core.Frame object at 0x00000166CF4AC040>
02-22 16:18:49 com_github_MitjaNemec_ReplicateLayout.action_replicate_layout 420:Preparing replicator with U3 as a reference
02-22 16:18:49 com_github_MitjaNemec_ReplicateLayout.replicate_layout 117:getting a list of all footprints on board
02-22 16:18:49 com_github_MitjaNemec_ReplicateLayout.action_replicate_layout 468:source anchor footprint is 'U3'
Located on: ['HX711 3']
With filenames: ['HX711_breakout.kicad_sch']
With sheet_id:['HX711 3']
02-22 16:18:49 com_github_MitjaNemec_ReplicateLayout.action_replicate_layout 475:Corresponding footprints are 
[('U4', ['HX711 4']), ('U5', ['HX711 5']), ('U2', ['HX711 2']), ('U3', ['HX711 3']), ('U6', ['HX711 6']), ('U1', ['HX711 1'])]
02-22 16:18:49 com_github_MitjaNemec_ReplicateLayout.action_replicate_layout 487:Showing dialog
02-22 16:18:50 com_github_MitjaNemec_ReplicateLayout.replicate_layout 424:constructing a list of sheets suitable for replication on level:'HX711 3', file:'HX711_breakout.kicad_sch'
02-22 16:18:50 com_github_MitjaNemec_ReplicateLayout.replicate_layout 461:suitable sheets are:[['HX711 1'], ['HX711 2'], ['HX711 4'], ['HX711 5'], ['HX711 6']]
02-22 16:18:50 com_github_MitjaNemec_ReplicateLayout.replicate_layout 1464:Level selected: ['HX711 3']
02-22 16:18:50 com_github_MitjaNemec_ReplicateLayout.replicate_layout 1299:Filtering list of tracks
02-22 16:18:50 com_github_MitjaNemec_ReplicateLayout.action_replicate_layout 493:Toolbar position: wx.Point(1648, 146)
02-22 16:18:50 com_github_MitjaNemec_ReplicateLayout.action_replicate_layout 498:Dialog position: wx.Point(1209, 146)
02-22 16:18:52 com_github_MitjaNemec_ReplicateLayout.replicate_layout 424:constructing a list of sheets suitable for replication on level:'HX711 3', file:'HX711_breakout.kicad_sch'
02-22 16:18:52 com_github_MitjaNemec_ReplicateLayout.replicate_layout 461:suitable sheets are:[['HX711 1'], ['HX711 2'], ['HX711 4'], ['HX711 5'], ['HX711 6']]
02-22 16:18:52 com_github_MitjaNemec_ReplicateLayout.action_replicate_layout 240:Replicating layout
02-22 16:18:52 com_github_MitjaNemec_ReplicateLayout.replicate_layout 240:Starting replication of sheets: [['HX711 1'], ['HX711 2'], ['HX711 4'], ['HX711 5'], ['HX711 6']]
on level: ['HX711 3']
with tracks=True, zone=True, text=True, text=True, intersecting=False, remove=False, locked footprints=False, group_only=False
02-22 16:18:52 root 332:updating GUI message: 'Preparing for replication'
02-22 16:18:52 root 337:updating GUI with: 0
02-22 16:18:52 com_github_MitjaNemec_ReplicateLayout.replicate_layout 310:Getting the list of source footprints
02-22 16:18:52 com_github_MitjaNemec_ReplicateLayout.replicate_layout 320:Getting the list of all the remaining footprints
02-22 16:18:52 com_github_MitjaNemec_ReplicateLayout.replicate_layout 327:Getting source tracks
02-22 16:18:52 com_github_MitjaNemec_ReplicateLayout.replicate_layout 1299:Filtering list of tracks
02-22 16:18:52 com_github_MitjaNemec_ReplicateLayout.replicate_layout 331:Getting source zones
02-22 16:18:52 root 337:updating GUI with: 50
02-22 16:18:52 com_github_MitjaNemec_ReplicateLayout.replicate_layout 335:Getting source text items
02-22 16:18:52 root 337:updating GUI with: 66
02-22 16:18:52 com_github_MitjaNemec_ReplicateLayout.replicate_layout 339:Getting source drawing items
02-22 16:18:52 root 332:updating GUI message: 'Replicating footprints'
02-22 16:18:52 com_github_MitjaNemec_ReplicateLayout.replicate_layout 806:Replicating footprints
02-22 16:18:52 com_github_MitjaNemec_ReplicateLayout.replicate_layout 813:Replicating footprints on sheet ['HX711 1']
02-22 16:18:52 root 337:updating GUI with: 15
02-22 16:18:52 com_github_MitjaNemec_ReplicateLayout.replicate_layout 813:Replicating footprints on sheet ['HX711 2']
02-22 16:18:52 root 337:updating GUI with: 23
02-22 16:18:52 root 337:updating GUI with: 38
02-22 16:18:52 com_github_MitjaNemec_ReplicateLayout.replicate_layout 813:Replicating footprints on sheet ['HX711 4']
02-22 16:18:52 root 337:updating GUI with: 49
02-22 16:18:52 com_github_MitjaNemec_ReplicateLayout.replicate_layout 813:Replicating footprints on sheet ['HX711 5']
02-22 16:18:52 root 337:updating GUI with: 63
02-22 16:18:52 root 337:updating GUI with: 78
02-22 16:18:52 com_github_MitjaNemec_ReplicateLayout.replicate_layout 813:Replicating footprints on sheet ['HX711 6']
02-22 16:18:52 root 337:updating GUI with: 96
02-22 16:18:52 root 332:updating GUI message: 'Replicating tracks'
02-22 16:18:52 com_github_MitjaNemec_ReplicateLayout.replicate_layout 977:Replicating tracks
02-22 16:18:52 com_github_MitjaNemec_ReplicateLayout.replicate_layout 983:Replicating tracks on sheet ['HX711 1']
02-22 16:18:52 com_github_MitjaNemec_ReplicateLayout.replicate_layout 766:Net pairs for sheet ['HX711 1'] :[('Net-(U3-INA-)', 'Net-(U1-INA-)'), ('/HX3_DT', '/HX1_DT'), ('GND', 'GND'), ('/HX3_A+', '/HX1_A+'), ('/HX_CLK', '/HX_CLK'), ('+3.3V', '+3.3V'), ('Net-(U3-VFB)', 'Net-(U1-VFB)'), ('Net-(R31-Pad2)', 'Net-(R1-Pad2)'), ('Net-(U3-INA+)', 'Net-(U1-INA+)'), ('Net-(Q5-B)', 'Net-(Q2-B)'), ('unconnected-(U3-XO-Pad13)', 'unconnected-(U1-XO-Pad13)'), ('Net-(U3-VBG)', 'Net-(U1-VBG)'), ('+5V', '+5V'), ('/HX3_E+', '/HX1_E+')]
02-22 16:18:52 root 337:updating GUI with: 3
02-22 16:18:52 com_github_MitjaNemec_ReplicateLayout.replicate_layout 983:Replicating tracks on sheet ['HX711 2']
02-22 16:18:52 com_github_MitjaNemec_ReplicateLayout.replicate_layout 766:Net pairs for sheet ['HX711 2'] :[('Net-(Q5-B)', 'Net-(Q6-B)'), ('GND', 'GND'), ('unconnected-(U3-XO-Pad13)', 'unconnected-(U2-XO-Pad13)'), ('/HX_CLK', '/HX_CLK'), ('+3.3V', '+3.3V'), ('Net-(U3-VFB)', 'Net-(U2-VFB)'), ('Net-(R31-Pad2)', 'Net-(R35-Pad2)'), ('/HX3_E+', '/HX2_E+'), ('Net-(U3-VBG)', 'Net-(U2-VBG)'), ('/HX3_DT', '/HX2_DT'), ('Net-(U3-INA+)', 'Net-(U2-INA+)'), ('Net-(U3-INA-)', 'Net-(U2-INA-)'), ('/HX3_A+', '/HX2_A+'), ('+5V', '+5V')]
02-22 16:18:52 root 337:updating GUI with: 22
02-22 16:18:52 com_github_MitjaNemec_ReplicateLayout.replicate_layout 983:Replicating tracks on sheet ['HX711 4']
02-22 16:18:52 com_github_MitjaNemec_ReplicateLayout.replicate_layout 766:Net pairs for sheet ['HX711 4'] :[('unconnected-(U3-XO-Pad13)', 'unconnected-(U4-XO-Pad13)'), ('Net-(U3-VBG)', 'Net-(U4-VBG)'), ('GND', 'GND'), ('Net-(R31-Pad2)', 'Net-(R23-Pad2)'), ('/HX3_A+', '/HX4_A+'), ('/HX_CLK', '/HX_CLK'), ('/HX3_DT', '/HX4_DT'), ('+3.3V', '+3.3V'), ('Net-(U3-VFB)', 'Net-(U4-VFB)'), ('/HX3_E+', '/HX4_E+'), ('Net-(U3-INA-)', 'Net-(U4-INA-)'), ('Net-(Q5-B)', 'Net-(Q3-B)'), ('+5V', '+5V'), ('Net-(U3-INA+)', 'Net-(U4-INA+)')]
02-22 16:18:52 root 337:updating GUI with: 43
02-22 16:18:52 com_github_MitjaNemec_ReplicateLayout.replicate_layout 983:Replicating tracks on sheet ['HX711 5']
02-22 16:18:52 com_github_MitjaNemec_ReplicateLayout.replicate_layout 766:Net pairs for sheet ['HX711 5'] :[('Net-(U3-VFB)', 'Net-(U5-VFB)'), ('/HX3_E+', '/HX5_E+'), ('GND', 'GND'), ('Net-(U3-INA+)', 'Net-(U5-INA+)'), ('/HX3_A+', '/HX5_A+'), ('/HX_CLK', '/HX_CLK'), ('/HX3_DT', '/HX5_DT'), ('+3.3V', '+3.3V'), ('Net-(Q5-B)', 'Net-(Q4-B)'), ('Net-(U3-INA-)', 'Net-(U5-INA-)'), ('unconnected-(U3-XO-Pad13)', 'unconnected-(U5-XO-Pad13)'), ('Net-(R31-Pad2)', 'Net-(R27-Pad2)'), ('Net-(U3-VBG)', 'Net-(U5-VBG)'), ('+5V', '+5V')]
02-22 16:18:52 root 337:updating GUI with: 61
02-22 16:18:52 com_github_MitjaNemec_ReplicateLayout.replicate_layout 983:Replicating tracks on sheet ['HX711 6']
02-22 16:18:52 com_github_MitjaNemec_ReplicateLayout.replicate_layout 766:Net pairs for sheet ['HX711 6'] :[('/HX3_A+', '/HX6_A+'), ('GND', 'GND'), ('Net-(U3-INA+)', 'Net-(U6-INA+)'), ('/HX_CLK', '/HX_CLK'), ('+3.3V', '+3.3V'), ('Net-(U3-VFB)', 'Net-(U6-VFB)'), ('/HX3_E+', '/HX6_E+'), ('/HX3_DT', '/HX6_DT'), ('Net-(Q5-B)', 'Net-(Q1-B)'), ('Net-(U3-INA-)', 'Net-(U6-INA-)'), ('Net-(U3-VBG)', 'Net-(U6-VBG)'), ('unconnected-(U3-XO-Pad13)', 'unconnected-(U6-XO-Pad13)'), ('Net-(R31-Pad2)', 'Net-(R13-Pad2)'), ('+5V', '+5V')]
02-22 16:18:52 root 337:updating GUI with: 80
02-22 16:18:52 root 332:updating GUI message: 'Replicating zones'
02-22 16:18:52 com_github_MitjaNemec_ReplicateLayout.replicate_layout 1047:Replicating zones
02-22 16:18:52 com_github_MitjaNemec_ReplicateLayout.replicate_layout 1054:Replicating zones on sheet ['HX711 1']
02-22 16:18:52 com_github_MitjaNemec_ReplicateLayout.replicate_layout 766:Net pairs for sheet ['HX711 1'] :[('Net-(U3-INA-)', 'Net-(U1-INA-)'), ('/HX3_DT', '/HX1_DT'), ('GND', 'GND'), ('/HX3_A+', '/HX1_A+'), ('/HX_CLK', '/HX_CLK'), ('+3.3V', '+3.3V'), ('Net-(U3-VFB)', 'Net-(U1-VFB)'), ('Net-(R31-Pad2)', 'Net-(R1-Pad2)'), ('Net-(U3-INA+)', 'Net-(U1-INA+)'), ('Net-(Q5-B)', 'Net-(Q2-B)'), ('unconnected-(U3-XO-Pad13)', 'unconnected-(U1-XO-Pad13)'), ('Net-(U3-VBG)', 'Net-(U1-VBG)'), ('+5V', '+5V'), ('/HX3_E+', '/HX1_E+')]
02-22 16:18:52 com_github_MitjaNemec_ReplicateLayout.replicate_layout 1054:Replicating zones on sheet ['HX711 2']
02-22 16:18:52 com_github_MitjaNemec_ReplicateLayout.replicate_layout 766:Net pairs for sheet ['HX711 2'] :[('Net-(Q5-B)', 'Net-(Q6-B)'), ('GND', 'GND'), ('unconnected-(U3-XO-Pad13)', 'unconnected-(U2-XO-Pad13)'), ('/HX_CLK', '/HX_CLK'), ('+3.3V', '+3.3V'), ('Net-(U3-VFB)', 'Net-(U2-VFB)'), ('Net-(R31-Pad2)', 'Net-(R35-Pad2)'), ('/HX3_E+', '/HX2_E+'), ('Net-(U3-VBG)', 'Net-(U2-VBG)'), ('/HX3_DT', '/HX2_DT'), ('Net-(U3-INA+)', 'Net-(U2-INA+)'), ('Net-(U3-INA-)', 'Net-(U2-INA-)'), ('/HX3_A+', '/HX2_A+'), ('+5V', '+5V')]
02-22 16:18:52 root 337:updating GUI with: 40
02-22 16:18:52 com_github_MitjaNemec_ReplicateLayout.replicate_layout 1054:Replicating zones on sheet ['HX711 4']
02-22 16:18:52 com_github_MitjaNemec_ReplicateLayout.replicate_layout 766:Net pairs for sheet ['HX711 4'] :[('unconnected-(U3-XO-Pad13)', 'unconnected-(U4-XO-Pad13)'), ('Net-(U3-VBG)', 'Net-(U4-VBG)'), ('GND', 'GND'), ('Net-(R31-Pad2)', 'Net-(R23-Pad2)'), ('/HX3_A+', '/HX4_A+'), ('/HX_CLK', '/HX_CLK'), ('/HX3_DT', '/HX4_DT'), ('+3.3V', '+3.3V'), ('Net-(U3-VFB)', 'Net-(U4-VFB)'), ('/HX3_E+', '/HX4_E+'), ('Net-(U3-INA-)', 'Net-(U4-INA-)'), ('Net-(Q5-B)', 'Net-(Q3-B)'), ('+5V', '+5V'), ('Net-(U3-INA+)', 'Net-(U4-INA+)')]
02-22 16:18:52 com_github_MitjaNemec_ReplicateLayout.replicate_layout 1054:Replicating zones on sheet ['HX711 5']
02-22 16:18:52 com_github_MitjaNemec_ReplicateLayout.replicate_layout 766:Net pairs for sheet ['HX711 5'] :[('Net-(U3-VFB)', 'Net-(U5-VFB)'), ('/HX3_E+', '/HX5_E+'), ('GND', 'GND'), ('Net-(U3-INA+)', 'Net-(U5-INA+)'), ('/HX3_A+', '/HX5_A+'), ('/HX_CLK', '/HX_CLK'), ('/HX3_DT', '/HX5_DT'), ('+3.3V', '+3.3V'), ('Net-(Q5-B)', 'Net-(Q4-B)'), ('Net-(U3-INA-)', 'Net-(U5-INA-)'), ('unconnected-(U3-XO-Pad13)', 'unconnected-(U5-XO-Pad13)'), ('Net-(R31-Pad2)', 'Net-(R27-Pad2)'), ('Net-(U3-VBG)', 'Net-(U5-VBG)'), ('+5V', '+5V')]
02-22 16:18:52 com_github_MitjaNemec_ReplicateLayout.replicate_layout 1054:Replicating zones on sheet ['HX711 6']
02-22 16:18:52 com_github_MitjaNemec_ReplicateLayout.replicate_layout 766:Net pairs for sheet ['HX711 6'] :[('/HX3_A+', '/HX6_A+'), ('GND', 'GND'), ('Net-(U3-INA+)', 'Net-(U6-INA+)'), ('/HX_CLK', '/HX_CLK'), ('+3.3V', '+3.3V'), ('Net-(U3-VFB)', 'Net-(U6-VFB)'), ('/HX3_E+', '/HX6_E+'), ('/HX3_DT', '/HX6_DT'), ('Net-(Q5-B)', 'Net-(Q1-B)'), ('Net-(U3-INA-)', 'Net-(U6-INA-)'), ('Net-(U3-VBG)', 'Net-(U6-VBG)'), ('unconnected-(U3-XO-Pad13)', 'unconnected-(U6-XO-Pad13)'), ('Net-(R31-Pad2)', 'Net-(R13-Pad2)'), ('+5V', '+5V')]
02-22 16:18:52 root 332:updating GUI message: 'Replicating text'
02-22 16:18:52 com_github_MitjaNemec_ReplicateLayout.replicate_layout 1136:Replicating text
02-22 16:18:52 com_github_MitjaNemec_ReplicateLayout.replicate_layout 1143:Replicating text on sheet ['HX711 1']
02-22 16:18:52 com_github_MitjaNemec_ReplicateLayout.replicate_layout 1143:Replicating text on sheet ['HX711 2']
02-22 16:18:52 com_github_MitjaNemec_ReplicateLayout.replicate_layout 1143:Replicating text on sheet ['HX711 4']
02-22 16:18:52 com_github_MitjaNemec_ReplicateLayout.replicate_layout 1143:Replicating text on sheet ['HX711 5']
02-22 16:18:52 com_github_MitjaNemec_ReplicateLayout.replicate_layout 1143:Replicating text on sheet ['HX711 6']
02-22 16:18:52 root 332:updating GUI message: 'Replicating drawings'
02-22 16:18:52 com_github_MitjaNemec_ReplicateLayout.replicate_layout 1187:Replicating drawings
02-22 16:18:52 com_github_MitjaNemec_ReplicateLayout.replicate_layout 1193:Replicating drawings on sheet ['HX711 1']
02-22 16:18:52 com_github_MitjaNemec_ReplicateLayout.replicate_layout 1193:Replicating drawings on sheet ['HX711 2']
02-22 16:18:52 com_github_MitjaNemec_ReplicateLayout.replicate_layout 1193:Replicating drawings on sheet ['HX711 4']
02-22 16:18:52 com_github_MitjaNemec_ReplicateLayout.replicate_layout 1193:Replicating drawings on sheet ['HX711 5']
02-22 16:18:52 com_github_MitjaNemec_ReplicateLayout.replicate_layout 1193:Replicating drawings on sheet ['HX711 6']
02-22 16:18:53 com_github_MitjaNemec_ReplicateLayout.action_replicate_layout 256:Replication complete
